<?xml version="1.0" encoding="UTF-8"?>
<!-- Generated by org.testng.reporters.JUnitReportReporter -->
<testsuite hostname="Srikrishna-PC" name="getRequest.GetData" tests="2" failures="0" timestamp="26 Oct 2018 03:14:42 GMT" time="5.279" errors="0">
  <testcase name="testResponseCode" time="1.269" classname="getRequest.GetData"/>
  <testcase name="testDoesWonderWomenMovieExist" time="4.010" classname="getRequest.GetData"/>
</testsuite> <!-- getRequest.GetData -->
