<?xml version="1.0" encoding="UTF-8"?>
<!-- Generated by org.testng.reporters.JUnitReportReporter -->
<testsuite hostname="Srikrishna-PC" name="getRequest.GetData" tests="2" failures="0" timestamp="26 Oct 2018 04:53:16 GMT" time="5.751" errors="0">
  <testcase name="testResponseCode" time="2.326" classname="getRequest.GetData"/>
  <testcase name="testDoesWonderWomenMovieImageExist" time="3.425" classname="getRequest.GetData"/>
</testsuite> <!-- getRequest.GetData -->
